# JRE version: Java(TM) SE Runtime Environment (8.0_112-b15) (build 1.8.0_112-b15)
# Java VM: Java HotSpot(TM) 64-Bit Server VM (25.112-b15 mixed mode windows-amd64 compressed oops)
Heap:
 PSYoungGen      total 56320K, used 5622K [0x00000007bc400000, 0x00000007c0000000, 0x00000007c0000000)
  eden space 51200K, 5% used [0x00000007bc400000,0x00000007bc6edb08,0x00000007bf600000)
  from space 5120K, 51% used [0x00000007bf600000,0x00000007bf890000,0x00000007bfb00000)
  to   space 5120K, 0% used [0x00000007bfb00000,0x00000007bfb00000,0x00000007c0000000)
 ParOldGen       total 308224K, used 191744K [0x0000000700000000, 0x0000000712d00000, 0x00000007bc400000)
  object space 308224K, 62% used [0x0000000700000000,0x000000070bb40330,0x0000000712d00000)
 Metaspace       used 103068K, capacity 104263K, committed 104704K, reserved 1138688K
  class space    used 15674K, capacity 15871K, committed 15872K, reserved 1048576K
GC Heap History (10 events):
Event: 81393.227 GC heap before
{Heap before GC invocations=2064 (full 93):
 PSYoungGen      total 56320K, used 55794K [0x00000007bc400000, 0x00000007c0000000, 0x00000007c0000000)
  eden space 52224K, 100% used [0x00000007bc400000,0x00000007bf700000,0x00000007bf700000)
  from space 4096K, 87% used [0x00000007bfc00000,0x00000007bff7ca08,0x00000007c0000000)
  to   space 4608K, 0% used [0x00000007bf700000,0x00000007bf700000,0x00000007bfb80000)
 ParOldGen       total 308224K, used 189840K [0x0000000700000000, 0x0000000712d00000, 0x00000007bc400000)
  object space 308224K, 61% used [0x0000000700000000,0x000000070b964358,0x0000000712d00000)
 Metaspace       used 103043K, capacity 104199K, committed 104704K, reserved 1138688K
  class space    used 15674K, capacity 15871K, committed 15872K, reserved 1048576K
Event: 81393.233 GC heap after
Heap after GC invocations=2064 (full 93):
 PSYoungGen      total 56832K, used 3858K [0x00000007bc400000, 0x00000007c0000000, 0x00000007c0000000)
  eden space 52224K, 0% used [0x00000007bc400000,0x00000007bc400000,0x00000007bf700000)
  from space 4608K, 83% used [0x00000007bf700000,0x00000007bfac4a08,0x00000007bfb80000)
  to   space 4608K, 0% used [0x00000007bfb80000,0x00000007bfb80000,0x00000007c0000000)
 ParOldGen       total 308224K, used 190096K [0x0000000700000000, 0x0000000712d00000, 0x00000007bc400000)
  object space 308224K, 61% used [0x0000000700000000,0x000000070b9a4358,0x0000000712d00000)
 Metaspace       used 103043K, capacity 104199K, committed 104704K, reserved 1138688K
  class space    used 15674K, capacity 15871K, committed 15872K, reserved 1048576K
}
Event: 81396.547 GC heap before
{Heap before GC invocations=2065 (full 93):
 PSYoungGen      total 56832K, used 56082K [0x00000007bc400000, 0x00000007c0000000, 0x00000007c0000000)
  eden space 52224K, 100% used [0x00000007bc400000,0x00000007bf700000,0x00000007bf700000)
  from space 4608K, 83% used [0x00000007bf700000,0x00000007bfac4a08,0x00000007bfb80000)
  to   space 4608K, 0% used [0x00000007bfb80000,0x00000007bfb80000,0x00000007c0000000)
 ParOldGen       total 308224K, used 190096K [0x0000000700000000, 0x0000000712d00000, 0x00000007bc400000)
  object space 308224K, 61% used [0x0000000700000000,0x000000070b9a4358,0x0000000712d00000)
 Metaspace       used 103063K, capacity 104263K, committed 104704K, reserved 1138688K
  class space    used 15674K, capacity 15871K, committed 15872K, reserved 1048576K
Event: 81396.553 GC heap after
Heap after GC invocations=2065 (full 93):
 PSYoungGen      total 55808K, used 4292K [0x00000007bc400000, 0x00000007c0000000, 0x00000007c0000000)
  eden space 51200K, 0% used [0x00000007bc400000,0x00000007bc400000,0x00000007bf600000)
  from space 4608K, 93% used [0x00000007bfb80000,0x00000007bffb1258,0x00000007c0000000)
  to   space 5120K, 0% used [0x00000007bf600000,0x00000007bf600000,0x00000007bfb00000)
 ParOldGen       total 308224K, used 190136K [0x0000000700000000, 0x0000000712d00000, 0x00000007bc400000)
  object space 308224K, 61% used [0x0000000700000000,0x000000070b9ae358,0x0000000712d00000)
 Metaspace       used 103063K, capacity 104263K, committed 104704K, reserved 1138688K
  class space    used 15674K, capacity 15871K, committed 15872K, reserved 1048576K
}
Event: 81398.878 GC heap before
{Heap before GC invocations=2066 (full 93):
 PSYoungGen      total 55808K, used 55492K [0x00000007bc400000, 0x00000007c0000000, 0x00000007c0000000)
  eden space 51200K, 100% used [0x00000007bc400000,0x00000007bf600000,0x00000007bf600000)
  from space 4608K, 93% used [0x00000007bfb80000,0x00000007bffb1258,0x00000007c0000000)
  to   space 5120K, 0% used [0x00000007bf600000,0x00000007bf600000,0x00000007bfb00000)
 ParOldGen       total 308224K, used 190136K [0x0000000700000000, 0x0000000712d00000, 0x00000007bc400000)
  object space 308224K, 61% used [0x0000000700000000,0x000000070b9ae358,0x0000000712d00000)
 Metaspace       used 103063K, capacity 104263K, committed 104704K, reserved 1138688K
  class space    used 15674K, capacity 15871K, committed 15872K, reserved 1048576K
Event: 81398.883 GC heap after
Heap after GC invocations=2066 (full 93):
 PSYoungGen      total 56320K, used 3762K [0x00000007bc400000, 0x00000007c0000000, 0x00000007c0000000)
  eden space 51200K, 0% used [0x00000007bc400000,0x00000007bc400000,0x00000007bf600000)
  from space 5120K, 73% used [0x00000007bf600000,0x00000007bf9ac828,0x00000007bfb00000)
  to   space 5120K, 0% used [0x00000007bfb00000,0x00000007bfb00000,0x00000007c0000000)
 ParOldGen       total 308224K, used 190168K [0x0000000700000000, 0x0000000712d00000, 0x00000007bc400000)
  object space 308224K, 61% used [0x0000000700000000,0x000000070b9b6358,0x0000000712d00000)
 Metaspace       used 103063K, capacity 104263K, committed 104704K, reserved 1138688K
  class space    used 15674K, capacity 15871K, committed 15872K, reserved 1048576K
}
Event: 81411.465 GC heap before
{Heap before GC invocations=2067 (full 93):
 PSYoungGen      total 56320K, used 54962K [0x00000007bc400000, 0x00000007c0000000, 0x00000007c0000000)
  eden space 51200K, 100% used [0x00000007bc400000,0x00000007bf600000,0x00000007bf600000)
  from space 5120K, 73% used [0x00000007bf600000,0x00000007bf9ac828,0x00000007bfb00000)
  to   space 5120K, 0% used [0x00000007bfb00000,0x00000007bfb00000,0x00000007c0000000)
 ParOldGen       total 308224K, used 190168K [0x0000000700000000, 0x0000000712d00000, 0x00000007bc400000)
  object space 308224K, 61% used [0x0000000700000000,0x000000070b9b6358,0x0000000712d00000)
 Metaspace       used 103063K, capacity 104263K, committed 104704K, reserved 1138688K
  class space    used 15674K, capacity 15871K, committed 15872K, reserved 1048576K
Event: 81411.471 GC heap after
Heap after GC invocations=2067 (full 93):
 PSYoungGen      total 56320K, used 2450K [0x00000007bc400000, 0x00000007c0000000, 0x00000007c0000000)
  eden space 51200K, 0% used [0x00000007bc400000,0x00000007bc400000,0x00000007bf600000)
  from space 5120K, 47% used [0x00000007bfb00000,0x00000007bfd64850,0x00000007c0000000)
  to   space 5120K, 0% used [0x00000007bf600000,0x00000007bf600000,0x00000007bfb00000)
 ParOldGen       total 308224K, used 191704K [0x0000000700000000, 0x0000000712d00000, 0x00000007bc400000)
  object space 308224K, 62% used [0x0000000700000000,0x000000070bb36330,0x0000000712d00000)
 Metaspace       used 103063K, capacity 104263K, committed 104704K, reserved 1138688K
  class space    used 15674K, capacity 15871K, committed 15872K, reserved 1048576K
}
Event: 81417.935 GC heap before
{Heap before GC invocations=2068 (full 93):
 PSYoungGen      total 56320K, used 53650K [0x00000007bc400000, 0x00000007c0000000, 0x00000007c0000000)
  eden space 51200K, 100% used [0x00000007bc400000,0x00000007bf600000,0x00000007bf600000)
  from space 5120K, 47% used [0x00000007bfb00000,0x00000007bfd64850,0x00000007c0000000)
  to   space 5120K, 0% used [0x00000007bf600000,0x00000007bf600000,0x00000007bfb00000)
 ParOldGen       total 308224K, used 191704K [0x0000000700000000, 0x0000000712d00000, 0x00000007bc400000)
  object space 308224K, 62% used [0x0000000700000000,0x000000070bb36330,0x0000000712d00000)
 Metaspace       used 103068K, capacity 104263K, committed 104704K, reserved 1138688K
  class space    used 15674K, capacity 15871K, committed 15872K, reserved 1048576K
Event: 81417.941 GC heap after
Heap after GC invocations=2068 (full 93):
 PSYoungGen      total 56320K, used 2624K [0x00000007bc400000, 0x00000007c0000000, 0x00000007c0000000)
  eden space 51200K, 0% used [0x00000007bc400000,0x00000007bc400000,0x00000007bf600000)
  from space 5120K, 51% used [0x00000007bf600000,0x00000007bf890000,0x00000007bfb00000)
  to   space 5120K, 0% used [0x00000007bfb00000,0x00000007bfb00000,0x00000007c0000000)
 ParOldGen       total 308224K, used 191744K [0x0000000700000000, 0x0000000712d00000, 0x00000007bc400000)
  object space 308224K, 62% used [0x0000000700000000,0x000000070bb40330,0x0000000712d00000)
 Metaspace       used 103068K, capacity 104263K, committed 104704K, reserved 1138688K
  class space    used 15674K, capacity 15871K, committed 15872K, reserved 1048576K
}

