# JRE version: Java(TM) SE Runtime Environment (8.0_112-b15) (build 1.8.0_112-b15)
# Java VM: Java HotSpot(TM) 64-Bit Server VM (25.112-b15 mixed mode windows-amd64 compressed oops)
Heap:
 PSYoungGen      total 58880K, used 23051K [0x00000007bc400000, 0x00000007c0000000, 0x00000007c0000000)
  eden space 56320K, 38% used [0x00000007bc400000,0x00000007bd932db0,0x00000007bfb00000)
  from space 2560K, 52% used [0x00000007bfd80000,0x00000007bfed0000,0x00000007c0000000)
  to   space 2560K, 0% used [0x00000007bfb00000,0x00000007bfb00000,0x00000007bfd80000)
 ParOldGen       total 164864K, used 94179K [0x0000000700000000, 0x000000070a100000, 0x00000007bc400000)
  object space 164864K, 57% used [0x0000000700000000,0x0000000705bf8eb8,0x000000070a100000)
 Metaspace       used 83865K, capacity 84723K, committed 85248K, reserved 1122304K
  class space    used 11814K, capacity 11949K, committed 12032K, reserved 1048576K
GC Heap History (10 events):
Event: 11859.598 GC heap before
{Heap before GC invocations=504 (full 40):
 PSYoungGen      total 59392K, used 58816K [0x00000007bc400000, 0x00000007c0000000, 0x00000007c0000000)
  eden space 57344K, 100% used [0x00000007bc400000,0x00000007bfc00000,0x00000007bfc00000)
  from space 2048K, 71% used [0x00000007bfc00000,0x00000007bfd70000,0x00000007bfe00000)
  to   space 2048K, 0% used [0x00000007bfe00000,0x00000007bfe00000,0x00000007c0000000)
 ParOldGen       total 164864K, used 94027K [0x0000000700000000, 0x000000070a100000, 0x00000007bc400000)
  object space 164864K, 57% used [0x0000000700000000,0x0000000705bd2ea8,0x000000070a100000)
 Metaspace       used 83858K, capacity 84723K, committed 85248K, reserved 1122304K
  class space    used 11813K, capacity 11949K, committed 12032K, reserved 1048576K
Event: 11859.604 GC heap after
Heap after GC invocations=504 (full 40):
 PSYoungGen      total 58368K, used 1888K [0x00000007bc400000, 0x00000007c0000000, 0x00000007c0000000)
  eden space 56320K, 0% used [0x00000007bc400000,0x00000007bc400000,0x00000007bfb00000)
  from space 2048K, 92% used [0x00000007bfe00000,0x00000007bffd8000,0x00000007c0000000)
  to   space 2560K, 0% used [0x00000007bfb00000,0x00000007bfb00000,0x00000007bfd80000)
 ParOldGen       total 164864K, used 94075K [0x0000000700000000, 0x000000070a100000, 0x00000007bc400000)
  object space 164864K, 57% used [0x0000000700000000,0x0000000705bdeeb8,0x000000070a100000)
 Metaspace       used 83858K, capacity 84723K, committed 85248K, reserved 1122304K
  class space    used 11813K, capacity 11949K, committed 12032K, reserved 1048576K
}
Event: 11874.359 GC heap before
{Heap before GC invocations=505 (full 40):
 PSYoungGen      total 58368K, used 58208K [0x00000007bc400000, 0x00000007c0000000, 0x00000007c0000000)
  eden space 56320K, 100% used [0x00000007bc400000,0x00000007bfb00000,0x00000007bfb00000)
  from space 2048K, 92% used [0x00000007bfe00000,0x00000007bffd8000,0x00000007c0000000)
  to   space 2560K, 0% used [0x00000007bfb00000,0x00000007bfb00000,0x00000007bfd80000)
 ParOldGen       total 164864K, used 94075K [0x0000000700000000, 0x000000070a100000, 0x00000007bc400000)
  object space 164864K, 57% used [0x0000000700000000,0x0000000705bdeeb8,0x000000070a100000)
 Metaspace       used 83858K, capacity 84723K, committed 85248K, reserved 1122304K
  class space    used 11813K, capacity 11949K, committed 12032K, reserved 1048576K
Event: 11874.368 GC heap after
Heap after GC invocations=505 (full 40):
 PSYoungGen      total 58880K, used 1984K [0x00000007bc400000, 0x00000007c0000000, 0x00000007c0000000)
  eden space 56320K, 0% used [0x00000007bc400000,0x00000007bc400000,0x00000007bfb00000)
  from space 2560K, 77% used [0x00000007bfb00000,0x00000007bfcf0000,0x00000007bfd80000)
  to   space 2560K, 0% used [0x00000007bfd80000,0x00000007bfd80000,0x00000007c0000000)
 ParOldGen       total 164864K, used 94155K [0x0000000700000000, 0x000000070a100000, 0x00000007bc400000)
  object space 164864K, 57% used [0x0000000700000000,0x0000000705bf2eb8,0x000000070a100000)
 Metaspace       used 83858K, capacity 84723K, committed 85248K, reserved 1122304K
  class space    used 11813K, capacity 11949K, committed 12032K, reserved 1048576K
}
Event: 11888.881 GC heap before
{Heap before GC invocations=506 (full 40):
 PSYoungGen      total 58880K, used 58304K [0x00000007bc400000, 0x00000007c0000000, 0x00000007c0000000)
  eden space 56320K, 100% used [0x00000007bc400000,0x00000007bfb00000,0x00000007bfb00000)
  from space 2560K, 77% used [0x00000007bfb00000,0x00000007bfcf0000,0x00000007bfd80000)
  to   space 2560K, 0% used [0x00000007bfd80000,0x00000007bfd80000,0x00000007c0000000)
 ParOldGen       total 164864K, used 94155K [0x0000000700000000, 0x000000070a100000, 0x00000007bc400000)
  object space 164864K, 57% used [0x0000000700000000,0x0000000705bf2eb8,0x000000070a100000)
 Metaspace       used 83858K, capacity 84723K, committed 85248K, reserved 1122304K
  class space    used 11813K, capacity 11949K, committed 12032K, reserved 1048576K
Event: 11888.895 GC heap after
Heap after GC invocations=506 (full 40):
 PSYoungGen      total 58880K, used 1920K [0x00000007bc400000, 0x00000007c0000000, 0x00000007c0000000)
  eden space 56320K, 0% used [0x00000007bc400000,0x00000007bc400000,0x00000007bfb00000)
  from space 2560K, 75% used [0x00000007bfd80000,0x00000007bff60000,0x00000007c0000000)
  to   space 2560K, 0% used [0x00000007bfb00000,0x00000007bfb00000,0x00000007bfd80000)
 ParOldGen       total 164864K, used 94179K [0x0000000700000000, 0x000000070a100000, 0x00000007bc400000)
  object space 164864K, 57% used [0x0000000700000000,0x0000000705bf8eb8,0x000000070a100000)
 Metaspace       used 83858K, capacity 84723K, committed 85248K, reserved 1122304K
  class space    used 11813K, capacity 11949K, committed 12032K, reserved 1048576K
}
Event: 11899.072 GC heap before
{Heap before GC invocations=507 (full 40):
 PSYoungGen      total 58880K, used 58240K [0x00000007bc400000, 0x00000007c0000000, 0x00000007c0000000)
  eden space 56320K, 100% used [0x00000007bc400000,0x00000007bfb00000,0x00000007bfb00000)
  from space 2560K, 75% used [0x00000007bfd80000,0x00000007bff60000,0x00000007c0000000)
  to   space 2560K, 0% used [0x00000007bfb00000,0x00000007bfb00000,0x00000007bfd80000)
 ParOldGen       total 164864K, used 94179K [0x0000000700000000, 0x000000070a100000, 0x00000007bc400000)
  object space 164864K, 57% used [0x0000000700000000,0x0000000705bf8eb8,0x000000070a100000)
 Metaspace       used 83863K, capacity 84723K, committed 85248K, reserved 1122304K
  class space    used 11813K, capacity 11949K, committed 12032K, reserved 1048576K
Event: 11899.078 GC heap after
Heap after GC invocations=507 (full 40):
 PSYoungGen      total 58880K, used 1920K [0x00000007bc400000, 0x00000007c0000000, 0x00000007c0000000)
  eden space 56320K, 0% used [0x00000007bc400000,0x00000007bc400000,0x00000007bfb00000)
  from space 2560K, 75% used [0x00000007bfb00000,0x00000007bfce0000,0x00000007bfd80000)
  to   space 2560K, 0% used [0x00000007bfd80000,0x00000007bfd80000,0x00000007c0000000)
 ParOldGen       total 164864K, used 94179K [0x0000000700000000, 0x000000070a100000, 0x00000007bc400000)
  object space 164864K, 57% used [0x0000000700000000,0x0000000705bf8eb8,0x000000070a100000)
 Metaspace       used 83863K, capacity 84723K, committed 85248K, reserved 1122304K
  class space    used 11813K, capacity 11949K, committed 12032K, reserved 1048576K
}
Event: 11904.912 GC heap before
{Heap before GC invocations=508 (full 40):
 PSYoungGen      total 58880K, used 58240K [0x00000007bc400000, 0x00000007c0000000, 0x00000007c0000000)
  eden space 56320K, 100% used [0x00000007bc400000,0x00000007bfb00000,0x00000007bfb00000)
  from space 2560K, 75% used [0x00000007bfb00000,0x00000007bfce0000,0x00000007bfd80000)
  to   space 2560K, 0% used [0x00000007bfd80000,0x00000007bfd80000,0x00000007c0000000)
 ParOldGen       total 164864K, used 94179K [0x0000000700000000, 0x000000070a100000, 0x00000007bc400000)
  object space 164864K, 57% used [0x0000000700000000,0x0000000705bf8eb8,0x000000070a100000)
 Metaspace       used 83865K, capacity 84723K, committed 85248K, reserved 1122304K
  class space    used 11814K, capacity 11949K, committed 12032K, reserved 1048576K
Event: 11904.921 GC heap after
Heap after GC invocations=508 (full 40):
 PSYoungGen      total 58880K, used 1344K [0x00000007bc400000, 0x00000007c0000000, 0x00000007c0000000)
  eden space 56320K, 0% used [0x00000007bc400000,0x00000007bc400000,0x00000007bfb00000)
  from space 2560K, 52% used [0x00000007bfd80000,0x00000007bfed0000,0x00000007c0000000)
  to   space 2560K, 0% used [0x00000007bfb00000,0x00000007bfb00000,0x00000007bfd80000)
 ParOldGen       total 164864K, used 94179K [0x0000000700000000, 0x000000070a100000, 0x00000007bc400000)
  object space 164864K, 57% used [0x0000000700000000,0x0000000705bf8eb8,0x000000070a100000)
 Metaspace       used 83865K, capacity 84723K, committed 85248K, reserved 1122304K
  class space    used 11814K, capacity 11949K, committed 12032K, reserved 1048576K
}

