# JRE version: Java(TM) SE Runtime Environment (8.0_112-b15) (build 1.8.0_112-b15)
# Java VM: Java HotSpot(TM) 64-Bit Server VM (25.112-b15 mixed mode windows-amd64 compressed oops)
Heap:
 PSYoungGen      total 56832K, used 2749K [0x00000007bc400000, 0x00000007c0000000, 0x00000007c0000000)
  eden space 52224K, 1% used [0x00000007bc400000,0x00000007bc502b10,0x00000007bf700000)
  from space 4608K, 37% used [0x00000007bf700000,0x00000007bf8acca8,0x00000007bfb80000)
  to   space 4096K, 0% used [0x00000007bfc00000,0x00000007bfc00000,0x00000007c0000000)
 ParOldGen       total 278528K, used 183829K [0x0000000700000000, 0x0000000711000000, 0x00000007bc400000)
  object space 278528K, 66% used [0x0000000700000000,0x000000070b385548,0x0000000711000000)
 Metaspace       used 84347K, capacity 85017K, committed 85888K, reserved 1122304K
  class space    used 12148K, capacity 12282K, committed 12416K, reserved 1048576K
GC Heap History (10 events):
Event: 21592.091 GC heap before
{Heap before GC invocations=402 (full 21):
 PSYoungGen      total 51712K, used 51699K [0x00000007bc400000, 0x00000007c0000000, 0x00000007c0000000)
  eden space 50176K, 100% used [0x00000007bc400000,0x00000007bf500000,0x00000007bf500000)
  from space 1536K, 99% used [0x00000007bfe80000,0x00000007bfffcca8,0x00000007c0000000)
  to   space 5632K, 0% used [0x00000007bf500000,0x00000007bf500000,0x00000007bfa80000)
 ParOldGen       total 278528K, used 183829K [0x0000000700000000, 0x0000000711000000, 0x00000007bc400000)
  object space 278528K, 66% used [0x0000000700000000,0x000000070b385548,0x0000000711000000)
 Metaspace       used 84322K, capacity 85011K, committed 85888K, reserved 1122304K
  class space    used 12147K, capacity 12281K, committed 12416K, reserved 1048576K
Event: 21592.095 GC heap after
Heap after GC invocations=402 (full 21):
 PSYoungGen      total 55808K, used 2035K [0x00000007bc400000, 0x00000007c0000000, 0x00000007c0000000)
  eden space 50176K, 0% used [0x00000007bc400000,0x00000007bc400000,0x00000007bf500000)
  from space 5632K, 36% used [0x00000007bf500000,0x00000007bf6fcca8,0x00000007bfa80000)
  to   space 5120K, 0% used [0x00000007bfb00000,0x00000007bfb00000,0x00000007c0000000)
 ParOldGen       total 278528K, used 183829K [0x0000000700000000, 0x0000000711000000, 0x00000007bc400000)
  object space 278528K, 66% used [0x0000000700000000,0x000000070b385548,0x0000000711000000)
 Metaspace       used 84322K, capacity 85011K, committed 85888K, reserved 1122304K
  class space    used 12147K, capacity 12281K, committed 12416K, reserved 1048576K
}
Event: 21594.330 GC heap before
{Heap before GC invocations=403 (full 21):
 PSYoungGen      total 55808K, used 52211K [0x00000007bc400000, 0x00000007c0000000, 0x00000007c0000000)
  eden space 50176K, 100% used [0x00000007bc400000,0x00000007bf500000,0x00000007bf500000)
  from space 5632K, 36% used [0x00000007bf500000,0x00000007bf6fcca8,0x00000007bfa80000)
  to   space 5120K, 0% used [0x00000007bfb00000,0x00000007bfb00000,0x00000007c0000000)
 ParOldGen       total 278528K, used 183829K [0x0000000700000000, 0x0000000711000000, 0x00000007bc400000)
  object space 278528K, 66% used [0x0000000700000000,0x000000070b385548,0x0000000711000000)
 Metaspace       used 84332K, capacity 85011K, committed 85888K, reserved 1122304K
  class space    used 12148K, capacity 12281K, committed 12416K, reserved 1048576K
Event: 21594.335 GC heap after
Heap after GC invocations=403 (full 21):
 PSYoungGen      total 56320K, used 2099K [0x00000007bc400000, 0x00000007c0000000, 0x00000007c0000000)
  eden space 51200K, 0% used [0x00000007bc400000,0x00000007bc400000,0x00000007bf600000)
  from space 5120K, 40% used [0x00000007bfb00000,0x00000007bfd0cca8,0x00000007c0000000)
  to   space 5120K, 0% used [0x00000007bf600000,0x00000007bf600000,0x00000007bfb00000)
 ParOldGen       total 278528K, used 183829K [0x0000000700000000, 0x0000000711000000, 0x00000007bc400000)
  object space 278528K, 66% used [0x0000000700000000,0x000000070b385548,0x0000000711000000)
 Metaspace       used 84332K, capacity 85011K, committed 85888K, reserved 1122304K
  class space    used 12148K, capacity 12281K, committed 12416K, reserved 1048576K
}
Event: 21607.761 GC heap before
{Heap before GC invocations=404 (full 21):
 PSYoungGen      total 56320K, used 53299K [0x00000007bc400000, 0x00000007c0000000, 0x00000007c0000000)
  eden space 51200K, 100% used [0x00000007bc400000,0x00000007bf600000,0x00000007bf600000)
  from space 5120K, 40% used [0x00000007bfb00000,0x00000007bfd0cca8,0x00000007c0000000)
  to   space 5120K, 0% used [0x00000007bf600000,0x00000007bf600000,0x00000007bfb00000)
 ParOldGen       total 278528K, used 183829K [0x0000000700000000, 0x0000000711000000, 0x00000007bc400000)
  object space 278528K, 66% used [0x0000000700000000,0x000000070b385548,0x0000000711000000)
 Metaspace       used 84333K, capacity 85011K, committed 85888K, reserved 1122304K
  class space    used 12148K, capacity 12281K, committed 12416K, reserved 1048576K
Event: 21607.767 GC heap after
Heap after GC invocations=404 (full 21):
 PSYoungGen      total 56320K, used 2035K [0x00000007bc400000, 0x00000007c0000000, 0x00000007c0000000)
  eden space 51200K, 0% used [0x00000007bc400000,0x00000007bc400000,0x00000007bf600000)
  from space 5120K, 39% used [0x00000007bf600000,0x00000007bf7fcca8,0x00000007bfb00000)
  to   space 4608K, 0% used [0x00000007bfb80000,0x00000007bfb80000,0x00000007c0000000)
 ParOldGen       total 278528K, used 183829K [0x0000000700000000, 0x0000000711000000, 0x00000007bc400000)
  object space 278528K, 66% used [0x0000000700000000,0x000000070b385548,0x0000000711000000)
 Metaspace       used 84333K, capacity 85011K, committed 85888K, reserved 1122304K
  class space    used 12148K, capacity 12281K, committed 12416K, reserved 1048576K
}
Event: 21648.876 GC heap before
{Heap before GC invocations=405 (full 21):
 PSYoungGen      total 56320K, used 53235K [0x00000007bc400000, 0x00000007c0000000, 0x00000007c0000000)
  eden space 51200K, 100% used [0x00000007bc400000,0x00000007bf600000,0x00000007bf600000)
  from space 5120K, 39% used [0x00000007bf600000,0x00000007bf7fcca8,0x00000007bfb00000)
  to   space 4608K, 0% used [0x00000007bfb80000,0x00000007bfb80000,0x00000007c0000000)
 ParOldGen       total 278528K, used 183829K [0x0000000700000000, 0x0000000711000000, 0x00000007bc400000)
  object space 278528K, 66% used [0x0000000700000000,0x000000070b385548,0x0000000711000000)
 Metaspace       used 84339K, capacity 85017K, committed 85888K, reserved 1122304K
  class space    used 12148K, capacity 12282K, committed 12416K, reserved 1048576K
Event: 21648.881 GC heap after
Heap after GC invocations=405 (full 21):
 PSYoungGen      total 56832K, used 1811K [0x00000007bc400000, 0x00000007c0000000, 0x00000007c0000000)
  eden space 52224K, 0% used [0x00000007bc400000,0x00000007bc400000,0x00000007bf700000)
  from space 4608K, 39% used [0x00000007bfb80000,0x00000007bfd44ca8,0x00000007c0000000)
  to   space 4608K, 0% used [0x00000007bf700000,0x00000007bf700000,0x00000007bfb80000)
 ParOldGen       total 278528K, used 183829K [0x0000000700000000, 0x0000000711000000, 0x00000007bc400000)
  object space 278528K, 66% used [0x0000000700000000,0x000000070b385548,0x0000000711000000)
 Metaspace       used 84339K, capacity 85017K, committed 85888K, reserved 1122304K
  class space    used 12148K, capacity 12282K, committed 12416K, reserved 1048576K
}
Event: 21682.608 GC heap before
{Heap before GC invocations=406 (full 21):
 PSYoungGen      total 56832K, used 54035K [0x00000007bc400000, 0x00000007c0000000, 0x00000007c0000000)
  eden space 52224K, 100% used [0x00000007bc400000,0x00000007bf700000,0x00000007bf700000)
  from space 4608K, 39% used [0x00000007bfb80000,0x00000007bfd44ca8,0x00000007c0000000)
  to   space 4608K, 0% used [0x00000007bf700000,0x00000007bf700000,0x00000007bfb80000)
 ParOldGen       total 278528K, used 183829K [0x0000000700000000, 0x0000000711000000, 0x00000007bc400000)
  object space 278528K, 66% used [0x0000000700000000,0x000000070b385548,0x0000000711000000)
 Metaspace       used 84347K, capacity 85017K, committed 85888K, reserved 1122304K
  class space    used 12148K, capacity 12282K, committed 12416K, reserved 1048576K
Event: 21682.612 GC heap after
Heap after GC invocations=406 (full 21):
 PSYoungGen      total 56832K, used 1715K [0x00000007bc400000, 0x00000007c0000000, 0x00000007c0000000)
  eden space 52224K, 0% used [0x00000007bc400000,0x00000007bc400000,0x00000007bf700000)
  from space 4608K, 37% used [0x00000007bf700000,0x00000007bf8acca8,0x00000007bfb80000)
  to   space 4096K, 0% used [0x00000007bfc00000,0x00000007bfc00000,0x00000007c0000000)
 ParOldGen       total 278528K, used 183829K [0x0000000700000000, 0x0000000711000000, 0x00000007bc400000)
  object space 278528K, 66% used [0x0000000700000000,0x000000070b385548,0x0000000711000000)
 Metaspace       used 84347K, capacity 85017K, committed 85888K, reserved 1122304K
  class space    used 12148K, capacity 12282K, committed 12416K, reserved 1048576K
}

