# JRE version: Java(TM) SE Runtime Environment (8.0_112-b15) (build 1.8.0_112-b15)
# Java VM: Java HotSpot(TM) 64-Bit Server VM (25.112-b15 mixed mode windows-amd64 compressed oops)
Heap:
 PSYoungGen      total 55296K, used 49882K [0x00000007bc400000, 0x00000007c0000000, 0x00000007c0000000)
  eden space 49152K, 95% used [0x00000007bc400000,0x00000007bf1b2c98,0x00000007bf400000)
  from space 6144K, 50% used [0x00000007bfa00000,0x00000007bfd03e70,0x00000007c0000000)
  to   space 6144K, 0% used [0x00000007bf400000,0x00000007bf400000,0x00000007bfa00000)
 ParOldGen       total 95232K, used 76820K [0x0000000700000000, 0x0000000705d00000, 0x00000007bc400000)
  object space 95232K, 80% used [0x0000000700000000,0x0000000704b053e8,0x0000000705d00000)
 Metaspace       used 75312K, capacity 76081K, committed 76672K, reserved 1116160K
  class space    used 10358K, capacity 10508K, committed 10624K, reserved 1048576K
GC Heap History (10 events):
Event: 9812.197 GC heap before
{Heap before GC invocations=262 (full 10):
 PSYoungGen      total 53760K, used 53487K [0x00000007bc400000, 0x00000007c0000000, 0x00000007c0000000)
  eden space 50176K, 100% used [0x00000007bc400000,0x00000007bf500000,0x00000007bf500000)
  from space 3584K, 92% used [0x00000007bf500000,0x00000007bf83be70,0x00000007bf880000)
  to   space 6144K, 0% used [0x00000007bfa00000,0x00000007bfa00000,0x00000007c0000000)
 ParOldGen       total 95232K, used 76812K [0x0000000700000000, 0x0000000705d00000, 0x00000007bc400000)
  object space 95232K, 80% used [0x0000000700000000,0x0000000704b033e8,0x0000000705d00000)
 Metaspace       used 75312K, capacity 76081K, committed 76672K, reserved 1116160K
  class space    used 10358K, capacity 10508K, committed 10624K, reserved 1048576K
Event: 9812.202 GC heap after
Heap after GC invocations=262 (full 10):
 PSYoungGen      total 55296K, used 3055K [0x00000007bc400000, 0x00000007c0000000, 0x00000007c0000000)
  eden space 49152K, 0% used [0x00000007bc400000,0x00000007bc400000,0x00000007bf400000)
  from space 6144K, 49% used [0x00000007bfa00000,0x00000007bfcfbe70,0x00000007c0000000)
  to   space 6144K, 0% used [0x00000007bf400000,0x00000007bf400000,0x00000007bfa00000)
 ParOldGen       total 95232K, used 76812K [0x0000000700000000, 0x0000000705d00000, 0x00000007bc400000)
  object space 95232K, 80% used [0x0000000700000000,0x0000000704b033e8,0x0000000705d00000)
 Metaspace       used 75312K, capacity 76081K, committed 76672K, reserved 1116160K
  class space    used 10358K, capacity 10508K, committed 10624K, reserved 1048576K
}
Event: 9812.522 GC heap before
{Heap before GC invocations=263 (full 10):
 PSYoungGen      total 55296K, used 52207K [0x00000007bc400000, 0x00000007c0000000, 0x00000007c0000000)
  eden space 49152K, 100% used [0x00000007bc400000,0x00000007bf400000,0x00000007bf400000)
  from space 6144K, 49% used [0x00000007bfa00000,0x00000007bfcfbe70,0x00000007c0000000)
  to   space 6144K, 0% used [0x00000007bf400000,0x00000007bf400000,0x00000007bfa00000)
 ParOldGen       total 95232K, used 76812K [0x0000000700000000, 0x0000000705d00000, 0x00000007bc400000)
  object space 95232K, 80% used [0x0000000700000000,0x0000000704b033e8,0x0000000705d00000)
 Metaspace       used 75312K, capacity 76081K, committed 76672K, reserved 1116160K
  class space    used 10358K, capacity 10508K, committed 10624K, reserved 1048576K
Event: 9812.526 GC heap after
Heap after GC invocations=263 (full 10):
 PSYoungGen      total 55296K, used 3087K [0x00000007bc400000, 0x00000007c0000000, 0x00000007c0000000)
  eden space 49152K, 0% used [0x00000007bc400000,0x00000007bc400000,0x00000007bf400000)
  from space 6144K, 50% used [0x00000007bf400000,0x00000007bf703e70,0x00000007bfa00000)
  to   space 6144K, 0% used [0x00000007bfa00000,0x00000007bfa00000,0x00000007c0000000)
 ParOldGen       total 95232K, used 76812K [0x0000000700000000, 0x0000000705d00000, 0x00000007bc400000)
  object space 95232K, 80% used [0x0000000700000000,0x0000000704b033e8,0x0000000705d00000)
 Metaspace       used 75312K, capacity 76081K, committed 76672K, reserved 1116160K
  class space    used 10358K, capacity 10508K, committed 10624K, reserved 1048576K
}
Event: 9812.771 GC heap before
{Heap before GC invocations=264 (full 10):
 PSYoungGen      total 55296K, used 52239K [0x00000007bc400000, 0x00000007c0000000, 0x00000007c0000000)
  eden space 49152K, 100% used [0x00000007bc400000,0x00000007bf400000,0x00000007bf400000)
  from space 6144K, 50% used [0x00000007bf400000,0x00000007bf703e70,0x00000007bfa00000)
  to   space 6144K, 0% used [0x00000007bfa00000,0x00000007bfa00000,0x00000007c0000000)
 ParOldGen       total 95232K, used 76812K [0x0000000700000000, 0x0000000705d00000, 0x00000007bc400000)
  object space 95232K, 80% used [0x0000000700000000,0x0000000704b033e8,0x0000000705d00000)
 Metaspace       used 75312K, capacity 76081K, committed 76672K, reserved 1116160K
  class space    used 10358K, capacity 10508K, committed 10624K, reserved 1048576K
Event: 9812.774 GC heap after
Heap after GC invocations=264 (full 10):
 PSYoungGen      total 55296K, used 3055K [0x00000007bc400000, 0x00000007c0000000, 0x00000007c0000000)
  eden space 49152K, 0% used [0x00000007bc400000,0x00000007bc400000,0x00000007bf400000)
  from space 6144K, 49% used [0x00000007bfa00000,0x00000007bfcfbe70,0x00000007c0000000)
  to   space 6144K, 0% used [0x00000007bf400000,0x00000007bf400000,0x00000007bfa00000)
 ParOldGen       total 95232K, used 76812K [0x0000000700000000, 0x0000000705d00000, 0x00000007bc400000)
  object space 95232K, 80% used [0x0000000700000000,0x0000000704b033e8,0x0000000705d00000)
 Metaspace       used 75312K, capacity 76081K, committed 76672K, reserved 1116160K
  class space    used 10358K, capacity 10508K, committed 10624K, reserved 1048576K
}
Event: 9813.013 GC heap before
{Heap before GC invocations=265 (full 10):
 PSYoungGen      total 55296K, used 52207K [0x00000007bc400000, 0x00000007c0000000, 0x00000007c0000000)
  eden space 49152K, 100% used [0x00000007bc400000,0x00000007bf400000,0x00000007bf400000)
  from space 6144K, 49% used [0x00000007bfa00000,0x00000007bfcfbe70,0x00000007c0000000)
  to   space 6144K, 0% used [0x00000007bf400000,0x00000007bf400000,0x00000007bfa00000)
 ParOldGen       total 95232K, used 76812K [0x0000000700000000, 0x0000000705d00000, 0x00000007bc400000)
  object space 95232K, 80% used [0x0000000700000000,0x0000000704b033e8,0x0000000705d00000)
 Metaspace       used 75312K, capacity 76081K, committed 76672K, reserved 1116160K
  class space    used 10358K, capacity 10508K, committed 10624K, reserved 1048576K
Event: 9813.018 GC heap after
Heap after GC invocations=265 (full 10):
 PSYoungGen      total 55296K, used 3055K [0x00000007bc400000, 0x00000007c0000000, 0x00000007c0000000)
  eden space 49152K, 0% used [0x00000007bc400000,0x00000007bc400000,0x00000007bf400000)
  from space 6144K, 49% used [0x00000007bf400000,0x00000007bf6fbe70,0x00000007bfa00000)
  to   space 6144K, 0% used [0x00000007bfa00000,0x00000007bfa00000,0x00000007c0000000)
 ParOldGen       total 95232K, used 76812K [0x0000000700000000, 0x0000000705d00000, 0x00000007bc400000)
  object space 95232K, 80% used [0x0000000700000000,0x0000000704b033e8,0x0000000705d00000)
 Metaspace       used 75312K, capacity 76081K, committed 76672K, reserved 1116160K
  class space    used 10358K, capacity 10508K, committed 10624K, reserved 1048576K
}
Event: 9813.231 GC heap before
{Heap before GC invocations=266 (full 10):
 PSYoungGen      total 55296K, used 52207K [0x00000007bc400000, 0x00000007c0000000, 0x00000007c0000000)
  eden space 49152K, 100% used [0x00000007bc400000,0x00000007bf400000,0x00000007bf400000)
  from space 6144K, 49% used [0x00000007bf400000,0x00000007bf6fbe70,0x00000007bfa00000)
  to   space 6144K, 0% used [0x00000007bfa00000,0x00000007bfa00000,0x00000007c0000000)
 ParOldGen       total 95232K, used 76812K [0x0000000700000000, 0x0000000705d00000, 0x00000007bc400000)
  object space 95232K, 80% used [0x0000000700000000,0x0000000704b033e8,0x0000000705d00000)
 Metaspace       used 75312K, capacity 76081K, committed 76672K, reserved 1116160K
  class space    used 10358K, capacity 10508K, committed 10624K, reserved 1048576K
Event: 9813.235 GC heap after
Heap after GC invocations=266 (full 10):
 PSYoungGen      total 55296K, used 3087K [0x00000007bc400000, 0x00000007c0000000, 0x00000007c0000000)
  eden space 49152K, 0% used [0x00000007bc400000,0x00000007bc400000,0x00000007bf400000)
  from space 6144K, 50% used [0x00000007bfa00000,0x00000007bfd03e70,0x00000007c0000000)
  to   space 6144K, 0% used [0x00000007bf400000,0x00000007bf400000,0x00000007bfa00000)
 ParOldGen       total 95232K, used 76820K [0x0000000700000000, 0x0000000705d00000, 0x00000007bc400000)
  object space 95232K, 80% used [0x0000000700000000,0x0000000704b053e8,0x0000000705d00000)
 Metaspace       used 75312K, capacity 76081K, committed 76672K, reserved 1116160K
  class space    used 10358K, capacity 10508K, committed 10624K, reserved 1048576K
}

